#
# There is insufficient memory for the Java Runtime Environment to continue.
# Native memory allocation (malloc) failed to allocate 110576 bytes for Chunk::new
# Possible reasons:
#   The system is out of physical RAM or swap space
#   The process is running with CompressedOops enabled, and the Java Heap may be blocking the growth of the native heap
# Possible solutions:
#   Reduce memory load on the system
#   Increase physical memory or swap space
#   Check if swap backing store is full
#   Decrease Java heap size (-Xmx/-Xms)
#   Decrease number of Java threads
#   Decrease Java thread stack sizes (-Xss)
#   Set larger code cache with -XX:ReservedCodeCacheSize=
#   JVM is running with Zero Based Compressed Oops mode in which the Java heap is
#     placed in the first 32GB address space. The Java Heap base address is the
#     maximum limit for the native heap growth. Please use -XX:HeapBaseMinAddress
#     to set the Java Heap base and to place the Java Heap above 32GB virtual address.
# This output file may be truncated or incomplete.
#
#  Out of Memory Error (arena.cpp:189), pid=27360, tid=16080
#
# JRE version: OpenJDK Runtime Environment (17.0.6) (build 17.0.6+0-b2043.56-9586694)
# Java VM: OpenJDK 64-Bit Server VM (17.0.6+0-b2043.56-9586694, mixed mode, tiered, compressed oops, compressed class ptrs, g1 gc, windows-amd64)
# No core dump will be written. Minidumps are not enabled by default on client versions of Windows
#

---------------  S U M M A R Y ------------

Command Line: org.jetbrains.kotlin.cli.jvm.K2JVMCompiler @C:\Users\HP\AndroidStudioProjects\goodsoup\app\build\20230725_7157240669146701934.compiler.options

Host: Intel(R) Core(TM) i5-5300U CPU @ 2.30GHz, 4 cores, 15G,  Windows 10 , 64 bit Build 19041 (10.0.19041.2913)
Time: Tue Jul 25 16:54:24 2023  Windows 10 , 64 bit Build 19041 (10.0.19041.2913) elapsed time: 0.707267 seconds (0d 0h 0m 0s)

---------------  T H R E A D  ---------------

Current thread (0x000001f71187c310):  JavaThread "C2 CompilerThread0" daemon [_thread_in_native, id=16080, stack(0x000000d305000000,0x000000d305100000)]


Current CompileTask:
C2:    707  411       4       java.lang.StringLatin1::replace (198 bytes)

Stack: [0x000000d305000000,0x000000d305100000]
Native frames: (J=compiled Java code, j=interpreted, Vv=VM code, C=native code)
V  [jvm.dll+0x683b4a]
V  [jvm.dll+0x842654]
V  [jvm.dll+0x843dfe]
V  [jvm.dll+0x844463]
V  [jvm.dll+0x249b75]
V  [jvm.dll+0xabcac]
V  [jvm.dll+0xac27c]
V  [jvm.dll+0x368802]
V  [jvm.dll+0x332f31]
V  [jvm.dll+0x3323da]
V  [jvm.dll+0x21c201]
V  [jvm.dll+0x21b621]
V  [jvm.dll+0x1a4fdd]
V  [jvm.dll+0x22b098]
V  [jvm.dll+0x229159]
V  [jvm.dll+0x7f809c]
V  [jvm.dll+0x7f25fa]
V  [jvm.dll+0x682985]
C  [ucrtbase.dll+0x21bb2]
C  [KERNEL32.DLL+0x17614]
C  [ntdll.dll+0x526a1]


---------------  P R O C E S S  ---------------

Threads class SMR info:
_java_thread_list=0x000001f7119eea60, length=12, elements={
0x000001f7723ad440, 0x000001f71181fca0, 0x000001f711823450, 0x000001f711877a20,
0x000001f7118783e0, 0x000001f71187adb0, 0x000001f71187b670, 0x000001f71187c310,
0x000001f71187d460, 0x000001f711896460, 0x000001f711a03fa0, 0x000001f711a188b0
}

Java Threads: ( => current thread )
  0x000001f7723ad440 JavaThread "main" [_thread_in_vm, id=20096, stack(0x000000d304300000,0x000000d304400000)]
  0x000001f71181fca0 JavaThread "Reference Handler" daemon [_thread_blocked, id=17496, stack(0x000000d304a00000,0x000000d304b00000)]
  0x000001f711823450 JavaThread "Finalizer" daemon [_thread_blocked, id=15960, stack(0x000000d304b00000,0x000000d304c00000)]
  0x000001f711877a20 JavaThread "Signal Dispatcher" daemon [_thread_blocked, id=20992, stack(0x000000d304c00000,0x000000d304d00000)]
  0x000001f7118783e0 JavaThread "Attach Listener" daemon [_thread_blocked, id=8084, stack(0x000000d304d00000,0x000000d304e00000)]
  0x000001f71187adb0 JavaThread "Service Thread" daemon [_thread_blocked, id=27164, stack(0x000000d304e00000,0x000000d304f00000)]
  0x000001f71187b670 JavaThread "Monitor Deflation Thread" daemon [_thread_blocked, id=22400, stack(0x000000d304f00000,0x000000d305000000)]
=>0x000001f71187c310 JavaThread "C2 CompilerThread0" daemon [_thread_in_native, id=16080, stack(0x000000d305000000,0x000000d305100000)]
  0x000001f71187d460 JavaThread "C1 CompilerThread0" daemon [_thread_blocked, id=27248, stack(0x000000d305100000,0x000000d305200000)]
  0x000001f711896460 JavaThread "Sweeper thread" daemon [_thread_blocked, id=21124, stack(0x000000d305200000,0x000000d305300000)]
  0x000001f711a03fa0 JavaThread "Notification Thread" daemon [_thread_blocked, id=13096, stack(0x000000d305300000,0x000000d305400000)]
  0x000001f711a188b0 JavaThread "Common-Cleaner" daemon [_thread_blocked, id=7684, stack(0x000000d305500000,0x000000d305600000)]

Other Threads:
  0x000001f77f4ce7b0 VMThread "VM Thread" [stack: 0x000000d304900000,0x000000d304a00000] [id=1032]
  0x000001f772433320 WatcherThread [stack: 0x000000d305400000,0x000000d305500000] [id=3168]
  0x000001f77241a4b0 GCTaskThread "GC Thread#0" [stack: 0x000000d304400000,0x000000d304500000] [id=1976]
  0x000001f711f028f0 GCTaskThread "GC Thread#1" [stack: 0x000000d305600000,0x000000d305700000] [id=9348]
  0x000001f711f02ef0 GCTaskThread "GC Thread#2" [stack: 0x000000d305700000,0x000000d305800000] [id=18564]
  0x000001f711f031a0 GCTaskThread "GC Thread#3" [stack: 0x000000d305800000,0x000000d305900000] [id=27636]
  0x000001f77242b110 ConcurrentGCThread "G1 Main Marker" [stack: 0x000000d304500000,0x000000d304600000] [id=8280]
  0x000001f77242ba30 ConcurrentGCThread "G1 Conc#0" [stack: 0x000000d304600000,0x000000d304700000] [id=18460]
  0x000001f77246e1c0 ConcurrentGCThread "G1 Refine#0" [stack: 0x000000d304700000,0x000000d304800000] [id=19928]
  0x000001f77246eaf0 ConcurrentGCThread "G1 Service" [stack: 0x000000d304800000,0x000000d304900000] [id=8560]

Threads with active compile tasks:
C2 CompilerThread0      736  411       4       java.lang.StringLatin1::replace (198 bytes)

VM state: not at safepoint (normal execution)

VM Mutex/Monitor currently owned by a thread: None

Heap address: 0x0000000701e00000, size: 4066 MB, Compressed Oops mode: Zero based, Oop shift amount: 3

CDS archive(s) not mapped
Compressed class space mapped at: 0x0000000800000000-0x0000000840000000, reserved size: 1073741824
Narrow klass base: 0x0000000800000000, Narrow klass shift: 0, Narrow klass range: 0x40000000

GC Precious Log:
 CPUs: 4 total, 4 available
 Memory: 16259M
 Large Page Support: Disabled
 NUMA Support: Disabled
 Compressed Oops: Enabled (Zero based)
 Heap Region Size: 2M
 Heap Min Capacity: 8M
 Heap Initial Capacity: 256M
 Heap Max Capacity: 4066M
 Pre-touch: Disabled
 Parallel Workers: 4
 Concurrent Workers: 1
 Concurrent Refinement Workers: 4
 Periodic GC: Disabled

Heap:
 garbage-first heap   total 262144K, used 6144K [0x0000000701e00000, 0x0000000800000000)
  region size 2048K, 2 young (4096K), 1 survivors (2048K)
 Metaspace       used 9989K, committed 10048K, reserved 1064960K
  class space    used 847K, committed 896K, reserved 1048576K

Heap Regions: E=young(eden), S=young(survivor), O=old, HS=humongous(starts), HC=humongous(continues), CS=collection set, F=free, OA=open archive, CA=closed archive, TAMS=top-at-mark-start (previous, next)
|   0|0x0000000701e00000, 0x0000000702000000, 0x0000000702000000|100%|HS|  |TAMS 0x0000000701e00000, 0x0000000701e00000| Complete 
|   1|0x0000000702000000, 0x0000000702200000, 0x0000000702200000|100%|HC|  |TAMS 0x0000000702000000, 0x0000000702000000| Complete 
|   2|0x0000000702200000, 0x0000000702200000, 0x0000000702400000|  0%| F|  |TAMS 0x0000000702200000, 0x0000000702200000| Untracked 
|   3|0x0000000702400000, 0x0000000702400000, 0x0000000702600000|  0%| F|  |TAMS 0x0000000702400000, 0x0000000702400000| Untracked 
|   4|0x0000000702600000, 0x0000000702600000, 0x0000000702800000|  0%| F|  |TAMS 0x0000000702600000, 0x0000000702600000| Untracked 
|   5|0x0000000702800000, 0x0000000702800000, 0x0000000702a00000|  0%| F|  |TAMS 0x0000000702800000, 0x0000000702800000| Untracked 
|   6|0x0000000702a00000, 0x0000000702a00000, 0x0000000702c00000|  0%| F|  |TAMS 0x0000000702a00000, 0x0000000702a00000| Untracked 
|   7|0x0000000702c00000, 0x0000000702c00000, 0x0000000702e00000|  0%| F|  |TAMS 0x0000000702c00000, 0x0000000702c00000| Untracked 
|   8|0x0000000702e00000, 0x0000000702e00000, 0x0000000703000000|  0%| F|  |TAMS 0x0000000702e00000, 0x0000000702e00000| Untracked 
|   9|0x0000000703000000, 0x0000000703000000, 0x0000000703200000|  0%| F|  |TAMS 0x0000000703000000, 0x0000000703000000| Untracked 
|  10|0x0000000703200000, 0x0000000703200000, 0x0000000703400000|  0%| F|  |TAMS 0x0000000703200000, 0x0000000703200000| Untracked 
|  11|0x0000000703400000, 0x0000000703400000, 0x0000000703600000|  0%| F|  |TAMS 0x0000000703400000, 0x0000000703400000| Untracked 
|  12|0x0000000703600000, 0x0000000703600000, 0x0000000703800000|  0%| F|  |TAMS 0x0000000703600000, 0x0000000703600000| Untracked 
|  13|0x0000000703800000, 0x0000000703800000, 0x0000000703a00000|  0%| F|  |TAMS 0x0000000703800000, 0x0000000703800000| Untracked 
|  14|0x0000000703a00000, 0x0000000703a00000, 0x0000000703c00000|  0%| F|  |TAMS 0x0000000703a00000, 0x0000000703a00000| Untracked 
|  15|0x0000000703c00000, 0x0000000703c00000, 0x0000000703e00000|  0%| F|  |TAMS 0x0000000703c00000, 0x0000000703c00000| Untracked 
|  16|0x0000000703e00000, 0x0000000703e00000, 0x0000000704000000|  0%| F|  |TAMS 0x0000000703e00000, 0x0000000703e00000| Untracked 
|  17|0x0000000704000000, 0x0000000704000000, 0x0000000704200000|  0%| F|  |TAMS 0x0000000704000000, 0x0000000704000000| Untracked 
|  18|0x0000000704200000, 0x0000000704200000, 0x0000000704400000|  0%| F|  |TAMS 0x0000000704200000, 0x0000000704200000| Untracked 
|  19|0x0000000704400000, 0x0000000704400000, 0x0000000704600000|  0%| F|  |TAMS 0x0000000704400000, 0x0000000704400000| Untracked 
|  20|0x0000000704600000, 0x0000000704600000, 0x0000000704800000|  0%| F|  |TAMS 0x0000000704600000, 0x0000000704600000| Untracked 
|  21|0x0000000704800000, 0x0000000704800000, 0x0000000704a00000|  0%| F|  |TAMS 0x0000000704800000, 0x0000000704800000| Untracked 
|  22|0x0000000704a00000, 0x0000000704a00000, 0x0000000704c00000|  0%| F|  |TAMS 0x0000000704a00000, 0x0000000704a00000| Untracked 
|  23|0x0000000704c00000, 0x0000000704c00000, 0x0000000704e00000|  0%| F|  |TAMS 0x0000000704c00000, 0x0000000704c00000| Untracked 
|  24|0x0000000704e00000, 0x0000000704e00000, 0x0000000705000000|  0%| F|  |TAMS 0x0000000704e00000, 0x0000000704e00000| Untracked 
|  25|0x0000000705000000, 0x0000000705000000, 0x0000000705200000|  0%| F|  |TAMS 0x0000000705000000, 0x0000000705000000| Untracked 
|  26|0x0000000705200000, 0x0000000705200000, 0x0000000705400000|  0%| F|  |TAMS 0x0000000705200000, 0x0000000705200000| Untracked 
|  27|0x0000000705400000, 0x0000000705400000, 0x0000000705600000|  0%| F|  |TAMS 0x0000000705400000, 0x0000000705400000| Untracked 
|  28|0x0000000705600000, 0x0000000705600000, 0x0000000705800000|  0%| F|  |TAMS 0x0000000705600000, 0x0000000705600000| Untracked 
|  29|0x0000000705800000, 0x0000000705800000, 0x0000000705a00000|  0%| F|  |TAMS 0x0000000705800000, 0x0000000705800000| Untracked 
|  30|0x0000000705a00000, 0x0000000705a00000, 0x0000000705c00000|  0%| F|  |TAMS 0x0000000705a00000, 0x0000000705a00000| Untracked 
|  31|0x0000000705c00000, 0x0000000705c00000, 0x0000000705e00000|  0%| F|  |TAMS 0x0000000705c00000, 0x0000000705c00000| Untracked 
|  32|0x0000000705e00000, 0x0000000705e00000, 0x0000000706000000|  0%| F|  |TAMS 0x0000000705e00000, 0x0000000705e00000| Untracked 
|  33|0x0000000706000000, 0x0000000706000000, 0x0000000706200000|  0%| F|  |TAMS 0x0000000706000000, 0x0000000706000000| Untracked 
|  34|0x0000000706200000, 0x0000000706200000, 0x0000000706400000|  0%| F|  |TAMS 0x0000000706200000, 0x0000000706200000| Untracked 
|  35|0x0000000706400000, 0x0000000706400000, 0x0000000706600000|  0%| F|  |TAMS 0x0000000706400000, 0x0000000706400000| Untracked 
|  36|0x0000000706600000, 0x0000000706600000, 0x0000000706800000|  0%| F|  |TAMS 0x0000000706600000, 0x0000000706600000| Untracked 
|  37|0x0000000706800000, 0x0000000706800000, 0x0000000706a00000|  0%| F|  |TAMS 0x0000000706800000, 0x0000000706800000| Untracked 
|  38|0x0000000706a00000, 0x0000000706a00000, 0x0000000706c00000|  0%| F|  |TAMS 0x0000000706a00000, 0x0000000706a00000| Untracked 
|  39|0x0000000706c00000, 0x0000000706c00000, 0x0000000706e00000|  0%| F|  |TAMS 0x0000000706c00000, 0x0000000706c00000| Untracked 
|  40|0x0000000706e00000, 0x0000000706e00000, 0x0000000707000000|  0%| F|  |TAMS 0x0000000706e00000, 0x0000000706e00000| Untracked 
|  41|0x0000000707000000, 0x0000000707000000, 0x0000000707200000|  0%| F|  |TAMS 0x0000000707000000, 0x0000000707000000| Untracked 
|  42|0x0000000707200000, 0x0000000707200000, 0x0000000707400000|  0%| F|  |TAMS 0x0000000707200000, 0x0000000707200000| Untracked 
|  43|0x0000000707400000, 0x0000000707400000, 0x0000000707600000|  0%| F|  |TAMS 0x0000000707400000, 0x0000000707400000| Untracked 
|  44|0x0000000707600000, 0x0000000707600000, 0x0000000707800000|  0%| F|  |TAMS 0x0000000707600000, 0x0000000707600000| Untracked 
|  45|0x0000000707800000, 0x0000000707800000, 0x0000000707a00000|  0%| F|  |TAMS 0x0000000707800000, 0x0000000707800000| Untracked 
|  46|0x0000000707a00000, 0x0000000707a00000, 0x0000000707c00000|  0%| F|  |TAMS 0x0000000707a00000, 0x0000000707a00000| Untracked 
|  47|0x0000000707c00000, 0x0000000707c00000, 0x0000000707e00000|  0%| F|  |TAMS 0x0000000707c00000, 0x0000000707c00000| Untracked 
|  48|0x0000000707e00000, 0x0000000707e00000, 0x0000000708000000|  0%| F|  |TAMS 0x0000000707e00000, 0x0000000707e00000| Untracked 
|  49|0x0000000708000000, 0x0000000708000000, 0x0000000708200000|  0%| F|  |TAMS 0x0000000708000000, 0x0000000708000000| Untracked 
|  50|0x0000000708200000, 0x0000000708200000, 0x0000000708400000|  0%| F|  |TAMS 0x0000000708200000, 0x0000000708200000| Untracked 
|  51|0x0000000708400000, 0x0000000708400000, 0x0000000708600000|  0%| F|  |TAMS 0x0000000708400000, 0x0000000708400000| Untracked 
|  52|0x0000000708600000, 0x0000000708600000, 0x0000000708800000|  0%| F|  |TAMS 0x0000000708600000, 0x0000000708600000| Untracked 
|  53|0x0000000708800000, 0x0000000708800000, 0x0000000708a00000|  0%| F|  |TAMS 0x0000000708800000, 0x0000000708800000| Untracked 
|  54|0x0000000708a00000, 0x0000000708a00000, 0x0000000708c00000|  0%| F|  |TAMS 0x0000000708a00000, 0x0000000708a00000| Untracked 
|  55|0x0000000708c00000, 0x0000000708c00000, 0x0000000708e00000|  0%| F|  |TAMS 0x0000000708c00000, 0x0000000708c00000| Untracked 
|  56|0x0000000708e00000, 0x0000000708e00000, 0x0000000709000000|  0%| F|  |TAMS 0x0000000708e00000, 0x0000000708e00000| Untracked 
|  57|0x0000000709000000, 0x0000000709000000, 0x0000000709200000|  0%| F|  |TAMS 0x0000000709000000, 0x0000000709000000| Untracked 
|  58|0x0000000709200000, 0x0000000709200000, 0x0000000709400000|  0%| F|  |TAMS 0x0000000709200000, 0x0000000709200000| Untracked 
|  59|0x0000000709400000, 0x0000000709400000, 0x0000000709600000|  0%| F|  |TAMS 0x0000000709400000, 0x0000000709400000| Untracked 
|  60|0x0000000709600000, 0x0000000709600000, 0x0000000709800000|  0%| F|  |TAMS 0x0000000709600000, 0x0000000709600000| Untracked 
|  61|0x0000000709800000, 0x0000000709800000, 0x0000000709a00000|  0%| F|  |TAMS 0x0000000709800000, 0x0000000709800000| Untracked 
|  62|0x0000000709a00000, 0x0000000709a00000, 0x0000000709c00000|  0%| F|  |TAMS 0x0000000709a00000, 0x0000000709a00000| Untracked 
|  63|0x0000000709c00000, 0x0000000709c00000, 0x0000000709e00000|  0%| F|  |TAMS 0x0000000709c00000, 0x0000000709c00000| Untracked 
|  64|0x0000000709e00000, 0x0000000709e00000, 0x000000070a000000|  0%| F|  |TAMS 0x0000000709e00000, 0x0000000709e00000| Untracked 
|  65|0x000000070a000000, 0x000000070a000000, 0x000000070a200000|  0%| F|  |TAMS 0x000000070a000000, 0x000000070a000000| Untracked 
|  66|0x000000070a200000, 0x000000070a200000, 0x000000070a400000|  0%| F|  |TAMS 0x000000070a200000, 0x000000070a200000| Untracked 
|  67|0x000000070a400000, 0x000000070a400000, 0x000000070a600000|  0%| F|  |TAMS 0x000000070a400000, 0x000000070a400000| Untracked 
|  68|0x000000070a600000, 0x000000070a600000, 0x000000070a800000|  0%| F|  |TAMS 0x000000070a600000, 0x000000070a600000| Untracked 
|  69|0x000000070a800000, 0x000000070a800000, 0x000000070aa00000|  0%| F|  |TAMS 0x000000070a800000, 0x000000070a800000| Untracked 
|  70|0x000000070aa00000, 0x000000070aa00000, 0x000000070ac00000|  0%| F|  |TAMS 0x000000070aa00000, 0x000000070aa00000| Untracked 
|  71|0x000000070ac00000, 0x000000070ac00000, 0x000000070ae00000|  0%| F|  |TAMS 0x000000070ac00000, 0x000000070ac00000| Untracked 
|  72|0x000000070ae00000, 0x000000070ae00000, 0x000000070b000000|  0%| F|  |TAMS 0x000000070ae00000, 0x000000070ae00000| Untracked 
|  73|0x000000070b000000, 0x000000070b000000, 0x000000070b200000|  0%| F|  |TAMS 0x000000070b000000, 0x000000070b000000| Untracked 
|  74|0x000000070b200000, 0x000000070b200000, 0x000000070b400000|  0%| F|  |TAMS 0x000000070b200000, 0x000000070b200000| Untracked 
|  75|0x000000070b400000, 0x000000070b400000, 0x000000070b600000|  0%| F|  |TAMS 0x000000070b400000, 0x000000070b400000| Untracked 
|  76|0x000000070b600000, 0x000000070b600000, 0x000000070b800000|  0%| F|  |TAMS 0x000000070b600000, 0x000000070b600000| Untracked 
|  77|0x000000070b800000, 0x000000070b800000, 0x000000070ba00000|  0%| F|  |TAMS 0x000000070b800000, 0x000000070b800000| Untracked 
|  78|0x000000070ba00000, 0x000000070ba00000, 0x000000070bc00000|  0%| F|  |TAMS 0x000000070ba00000, 0x000000070ba00000| Untracked 
|  79|0x000000070bc00000, 0x000000070bc00000, 0x000000070be00000|  0%| F|  |TAMS 0x000000070bc00000, 0x000000070bc00000| Untracked 
|  80|0x000000070be00000, 0x000000070be00000, 0x000000070c000000|  0%| F|  |TAMS 0x000000070be00000, 0x000000070be00000| Untracked 
|  81|0x000000070c000000, 0x000000070c000000, 0x000000070c200000|  0%| F|  |TAMS 0x000000070c000000, 0x000000070c000000| Untracked 
|  82|0x000000070c200000, 0x000000070c200000, 0x000000070c400000|  0%| F|  |TAMS 0x000000070c200000, 0x000000070c200000| Untracked 
|  83|0x000000070c400000, 0x000000070c400000, 0x000000070c600000|  0%| F|  |TAMS 0x000000070c400000, 0x000000070c400000| Untracked 
|  84|0x000000070c600000, 0x000000070c600000, 0x000000070c800000|  0%| F|  |TAMS 0x000000070c600000, 0x000000070c600000| Untracked 
|  85|0x000000070c800000, 0x000000070c800000, 0x000000070ca00000|  0%| F|  |TAMS 0x000000070c800000, 0x000000070c800000| Untracked 
|  86|0x000000070ca00000, 0x000000070ca00000, 0x000000070cc00000|  0%| F|  |TAMS 0x000000070ca00000, 0x000000070ca00000| Untracked 
|  87|0x000000070cc00000, 0x000000070cc00000, 0x000000070ce00000|  0%| F|  |TAMS 0x000000070cc00000, 0x000000070cc00000| Untracked 
|  88|0x000000070ce00000, 0x000000070ce00000, 0x000000070d000000|  0%| F|  |TAMS 0x000000070ce00000, 0x000000070ce00000| Untracked 
|  89|0x000000070d000000, 0x000000070d000000, 0x000000070d200000|  0%| F|  |TAMS 0x000000070d000000, 0x000000070d000000| Untracked 
|  90|0x000000070d200000, 0x000000070d200000, 0x000000070d400000|  0%| F|  |TAMS 0x000000070d200000, 0x000000070d200000| Untracked 
|  91|0x000000070d400000, 0x000000070d400000, 0x000000070d600000|  0%| F|  |TAMS 0x000000070d400000, 0x000000070d400000| Untracked 
|  92|0x000000070d600000, 0x000000070d600000, 0x000000070d800000|  0%| F|  |TAMS 0x000000070d600000, 0x000000070d600000| Untracked 
|  93|0x000000070d800000, 0x000000070d800000, 0x000000070da00000|  0%| F|  |TAMS 0x000000070d800000, 0x000000070d800000| Untracked 
|  94|0x000000070da00000, 0x000000070da00000, 0x000000070dc00000|  0%| F|  |TAMS 0x000000070da00000, 0x000000070da00000| Untracked 
|  95|0x000000070dc00000, 0x000000070dc00000, 0x000000070de00000|  0%| F|  |TAMS 0x000000070dc00000, 0x000000070dc00000| Untracked 
|  96|0x000000070de00000, 0x000000070de00000, 0x000000070e000000|  0%| F|  |TAMS 0x000000070de00000, 0x000000070de00000| Untracked 
|  97|0x000000070e000000, 0x000000070e000000, 0x000000070e200000|  0%| F|  |TAMS 0x000000070e000000, 0x000000070e000000| Untracked 
|  98|0x000000070e200000, 0x000000070e200000, 0x000000070e400000|  0%| F|  |TAMS 0x000000070e200000, 0x000000070e200000| Untracked 
|  99|0x000000070e400000, 0x000000070e400000, 0x000000070e600000|  0%| F|  |TAMS 0x000000070e400000, 0x000000070e400000| Untracked 
| 100|0x000000070e600000, 0x000000070e600000, 0x000000070e800000|  0%| F|  |TAMS 0x000000070e600000, 0x000000070e600000| Untracked 
| 101|0x000000070e800000, 0x000000070e800000, 0x000000070ea00000|  0%| F|  |TAMS 0x000000070e800000, 0x000000070e800000| Untracked 
| 102|0x000000070ea00000, 0x000000070ea00000, 0x000000070ec00000|  0%| F|  |TAMS 0x000000070ea00000, 0x000000070ea00000| Untracked 
| 103|0x000000070ec00000, 0x000000070ec00000, 0x000000070ee00000|  0%| F|  |TAMS 0x000000070ec00000, 0x000000070ec00000| Untracked 
| 104|0x000000070ee00000, 0x000000070ee00000, 0x000000070f000000|  0%| F|  |TAMS 0x000000070ee00000, 0x000000070ee00000| Untracked 
| 105|0x000000070f000000, 0x000000070f000000, 0x000000070f200000|  0%| F|  |TAMS 0x000000070f000000, 0x000000070f000000| Untracked 
| 106|0x000000070f200000, 0x000000070f200000, 0x000000070f400000|  0%| F|  |TAMS 0x000000070f200000, 0x000000070f200000| Untracked 
| 107|0x000000070f400000, 0x000000070f400000, 0x000000070f600000|  0%| F|  |TAMS 0x000000070f400000, 0x000000070f400000| Untracked 
| 108|0x000000070f600000, 0x000000070f600000, 0x000000070f800000|  0%| F|  |TAMS 0x000000070f600000, 0x000000070f600000| Untracked 
| 109|0x000000070f800000, 0x000000070f800000, 0x000000070fa00000|  0%| F|  |TAMS 0x000000070f800000, 0x000000070f800000| Untracked 
| 110|0x000000070fa00000, 0x000000070fa00000, 0x000000070fc00000|  0%| F|  |TAMS 0x000000070fa00000, 0x000000070fa00000| Untracked 
| 111|0x000000070fc00000, 0x000000070fc00000, 0x000000070fe00000|  0%| F|  |TAMS 0x000000070fc00000, 0x000000070fc00000| Untracked 
| 112|0x000000070fe00000, 0x000000070fe00000, 0x0000000710000000|  0%| F|  |TAMS 0x000000070fe00000, 0x000000070fe00000| Untracked 
| 113|0x0000000710000000, 0x0000000710000000, 0x0000000710200000|  0%| F|  |TAMS 0x0000000710000000, 0x0000000710000000| Untracked 
| 114|0x0000000710200000, 0x0000000710200000, 0x0000000710400000|  0%| F|  |TAMS 0x0000000710200000, 0x0000000710200000| Untracked 
| 115|0x0000000710400000, 0x0000000710400000, 0x0000000710600000|  0%| F|  |TAMS 0x0000000710400000, 0x0000000710400000| Untracked 
| 116|0x0000000710600000, 0x0000000710600000, 0x0000000710800000|  0%| F|  |TAMS 0x0000000710600000, 0x0000000710600000| Untracked 
| 117|0x0000000710800000, 0x0000000710800000, 0x0000000710a00000|  0%| F|  |TAMS 0x0000000710800000, 0x0000000710800000| Untracked 
| 118|0x0000000710a00000, 0x0000000710a00000, 0x0000000710c00000|  0%| F|  |TAMS 0x0000000710a00000, 0x0000000710a00000| Untracked 
| 119|0x0000000710c00000, 0x0000000710c00000, 0x0000000710e00000|  0%| F|  |TAMS 0x0000000710c00000, 0x0000000710c00000| Untracked 
| 120|0x0000000710e00000, 0x0000000710e00000, 0x0000000711000000|  0%| F|  |TAMS 0x0000000710e00000, 0x0000000710e00000| Untracked 
| 121|0x0000000711000000, 0x0000000711200000, 0x0000000711200000|100%| S|CS|TAMS 0x0000000711000000, 0x0000000711000000| Complete 
| 122|0x0000000711200000, 0x0000000711200000, 0x0000000711400000|  0%| F|  |TAMS 0x0000000711200000, 0x0000000711200000| Untracked 
| 123|0x0000000711400000, 0x0000000711400000, 0x0000000711600000|  0%| F|  |TAMS 0x0000000711400000, 0x0000000711400000| Untracked 
| 124|0x0000000711600000, 0x0000000711600000, 0x0000000711800000|  0%| F|  |TAMS 0x0000000711600000, 0x0000000711600000| Untracked 
| 125|0x0000000711800000, 0x0000000711800000, 0x0000000711a00000|  0%| F|  |TAMS 0x0000000711800000, 0x0000000711800000| Untracked 
| 126|0x0000000711a00000, 0x0000000711a00000, 0x0000000711c00000|  0%| F|  |TAMS 0x0000000711a00000, 0x0000000711a00000| Untracked 
| 127|0x0000000711c00000, 0x0000000711d5b6f8, 0x0000000711e00000| 67%| E|  |TAMS 0x0000000711c00000, 0x0000000711c00000| Complete 

Card table byte_map: [0x000001f776080000,0x000001f776880000] _byte_map_base: 0x000001f772871000

Marking Bits (Prev, Next): (CMBitMap*) 0x000001f77241a9d0, (CMBitMap*) 0x000001f77241aa10
 Prev Bits: [0x000001f777080000, 0x000001f77b008000)
 Next Bits: [0x000001f77b010000, 0x000001f77ef98000)

Polling page: 0x000001f770510000

Metaspace:

Usage:
  Non-class:      9.03 MB used.
      Class:    863.31 KB used.
       Both:      9.87 MB used.

Virtual space:
  Non-class space:       16.00 MB reserved,       9.12 MB ( 57%) committed,  2 nodes.
      Class space:        1.00 GB reserved,     896.00 KB ( <1%) committed,  1 nodes.
             Both:        1.02 GB reserved,      10.00 MB ( <1%) committed. 

Chunk freelists:
   Non-Class:  2.66 MB
       Class:  3.00 MB
        Both:  5.66 MB

MaxMetaspaceSize: unlimited
CompressedClassSpaceSize: 1.00 GB
Initial GC threshold: 21.00 MB
Current GC threshold: 21.00 MB
CDS: off
MetaspaceReclaimPolicy: balanced
 - commit_granule_bytes: 65536.
 - commit_granule_words: 8192.
 - virtual_space_node_default_size: 1048576.
 - enlarge_chunks_in_place: 1.
 - new_chunks_are_fully_committed: 0.
 - uncommit_free_chunks: 1.
 - use_allocation_guard: 0.
 - handle_deallocations: 1.


Internal statistics:

num_allocs_failed_limit: 0.
num_arena_births: 6.
num_arena_deaths: 0.
num_vsnodes_births: 3.
num_vsnodes_deaths: 0.
num_space_committed: 160.
num_space_uncommitted: 0.
num_chunks_returned_to_freelist: 0.
num_chunks_taken_from_freelist: 127.
num_chunk_merges: 0.
num_chunk_splits: 105.
num_chunks_enlarged: 99.
num_purges: 0.
num_inconsistent_stats: 0.

CodeHeap 'non-profiled nmethods': size=120000Kb used=105Kb max_used=105Kb free=119895Kb
 bounds [0x000001f707ad0000, 0x000001f707d40000, 0x000001f70f000000]
CodeHeap 'profiled nmethods': size=120000Kb used=752Kb max_used=752Kb free=119247Kb
 bounds [0x000001f700000000, 0x000001f700270000, 0x000001f707530000]
CodeHeap 'non-nmethods': size=5760Kb used=1132Kb max_used=1141Kb free=4627Kb
 bounds [0x000001f707530000, 0x000001f7077a0000, 0x000001f707ad0000]
 total_blobs=831 nmethods=418 adapters=326
 compilation: enabled
              stopped_count=0, restarted_count=0
 full_count=0

Compilation events (20 events):
Event: 0.684 Thread 0x000001f71187d460 nmethod 402 0x000001f7000adf90 code [0x000001f7000ae160, 0x000001f7000ae428]
Event: 0.689 Thread 0x000001f71187d460  403       3       java.net.URLStreamHandler::setURL (73 bytes)
Event: 0.691 Thread 0x000001f71187d460 nmethod 403 0x000001f7000ae590 code [0x000001f7000ae860, 0x000001f7000af698]
Event: 0.691 Thread 0x000001f71187d460  404   !   3       java.net.URL::set (114 bytes)
Event: 0.692 Thread 0x000001f71187d460 nmethod 404 0x000001f7000afb90 code [0x000001f7000afde0, 0x000001f7000b08d8]
Event: 0.692 Thread 0x000001f71187d460  405       3       jdk.internal.loader.ClassLoaders$AppClassLoader::defineOrCheckPackage (8 bytes)
Event: 0.692 Thread 0x000001f71187c310  411       4       java.lang.StringLatin1::replace (198 bytes)
Event: 0.692 Thread 0x000001f71187d460 nmethod 405 0x000001f7000b0c90 code [0x000001f7000b0e20, 0x000001f7000b0f68]
Event: 0.692 Thread 0x000001f71187d460  406   !   3       jdk.internal.loader.BuiltinClassLoader::defineOrCheckPackage (94 bytes)
Event: 0.693 Thread 0x000001f71187d460 nmethod 406 0x000001f7000b1010 code [0x000001f7000b1280, 0x000001f7000b1c18]
Event: 0.693 Thread 0x000001f71187d460  410       3       sun.net.util.URLUtil::urlNoFragString (114 bytes)
Event: 0.695 Thread 0x000001f71187d460 nmethod 410 0x000001f7000b1f90 code [0x000001f7000b22c0, 0x000001f7000b3348]
Event: 0.695 Thread 0x000001f71187d460  407       3       jdk.internal.loader.BuiltinClassLoader::getAndVerifyPackage (113 bytes)
Event: 0.696 Thread 0x000001f71187d460 nmethod 407 0x000001f7000b3910 code [0x000001f7000b3c80, 0x000001f7000b4de8]
Event: 0.696 Thread 0x000001f71187d460  408       3       java.lang.ClassLoader::getDefinedPackage (36 bytes)
Event: 0.697 Thread 0x000001f71187d460 nmethod 408 0x000001f7000b5410 code [0x000001f7000b5600, 0x000001f7000b5b88]
Event: 0.697 Thread 0x000001f71187d460  409       3       java.security.SecureClassLoader$CodeSourceKey::equals (60 bytes)
Event: 0.702 Thread 0x000001f71187d460 nmethod 409 0x000001f7000b5d90 code [0x000001f7000b5f80, 0x000001f7000b6618]
Event: 0.702 Thread 0x000001f71187d460  413       3       java.util.zip.ZipEntry::<init> (84 bytes)
Event: 0.703 Thread 0x000001f71187d460 nmethod 413 0x000001f7000b6810 code [0x000001f7000b6a00, 0x000001f7000b6f98]

GC Heap History (2 events):
Event: 0.697 GC heap before
{Heap before GC invocations=0 (full 0):
 garbage-first heap   total 262144K, used 14336K [0x0000000701e00000, 0x0000000800000000)
  region size 2048K, 6 young (12288K), 0 survivors (0K)
 Metaspace       used 9737K, committed 9856K, reserved 1064960K
  class space    used 810K, committed 896K, reserved 1048576K
}
Event: 0.701 GC heap after
{Heap after GC invocations=1 (full 0):
 garbage-first heap   total 262144K, used 6144K [0x0000000701e00000, 0x0000000800000000)
  region size 2048K, 1 young (2048K), 1 survivors (2048K)
 Metaspace       used 9737K, committed 9856K, reserved 1064960K
  class space    used 810K, committed 896K, reserved 1048576K
}

Dll operation events (1 events):
Event: 0.009 Loaded shared library E:\android\jbr\bin\java.dll

Deoptimization events (20 events):
Event: 0.242 Thread 0x000001f7723ad440 DEOPT PACKING pc=0x000001f70001880c sp=0x000000d3043fd8c0
Event: 0.242 Thread 0x000001f7723ad440 DEOPT UNPACKING pc=0x000001f707587143 sp=0x000000d3043fcd50 mode 0
Event: 0.243 Thread 0x000001f7723ad440 DEOPT PACKING pc=0x000001f70001880c sp=0x000000d3043fd8c0
Event: 0.243 Thread 0x000001f7723ad440 DEOPT UNPACKING pc=0x000001f707587143 sp=0x000000d3043fcd50 mode 0
Event: 0.243 Thread 0x000001f7723ad440 DEOPT PACKING pc=0x000001f70001880c sp=0x000000d3043fd8c0
Event: 0.243 Thread 0x000001f7723ad440 DEOPT UNPACKING pc=0x000001f707587143 sp=0x000000d3043fcd50 mode 0
Event: 0.243 Thread 0x000001f7723ad440 DEOPT PACKING pc=0x000001f70001880c sp=0x000000d3043fd8c0
Event: 0.243 Thread 0x000001f7723ad440 DEOPT UNPACKING pc=0x000001f707587143 sp=0x000000d3043fcd50 mode 0
Event: 0.243 Thread 0x000001f7723ad440 DEOPT PACKING pc=0x000001f70001880c sp=0x000000d3043fd8c0
Event: 0.243 Thread 0x000001f7723ad440 DEOPT UNPACKING pc=0x000001f707587143 sp=0x000000d3043fcd50 mode 0
Event: 0.243 Thread 0x000001f7723ad440 DEOPT PACKING pc=0x000001f70001880c sp=0x000000d3043fd8c0
Event: 0.243 Thread 0x000001f7723ad440 DEOPT UNPACKING pc=0x000001f707587143 sp=0x000000d3043fcd50 mode 0
Event: 0.321 Thread 0x000001f7723ad440 Uncommon trap: trap_request=0xffffff45 fr.pc=0x000001f707ad5614 relative=0x00000000000006b4
Event: 0.321 Thread 0x000001f7723ad440 Uncommon trap: reason=unstable_if action=reinterpret pc=0x000001f707ad5614 method=java.util.zip.ZipFile$Source.checkAndAddEntry(II)I @ 50 c2
Event: 0.321 Thread 0x000001f7723ad440 DEOPT PACKING pc=0x000001f707ad5614 sp=0x000000d3043fe4a0
Event: 0.321 Thread 0x000001f7723ad440 DEOPT UNPACKING pc=0x000001f7075869a3 sp=0x000000d3043fe418 mode 2
Event: 0.441 Thread 0x000001f7723ad440 DEOPT PACKING pc=0x000001f7000168e7 sp=0x000000d3043f9fc0
Event: 0.442 Thread 0x000001f7723ad440 DEOPT UNPACKING pc=0x000001f707587143 sp=0x000000d3043f93e0 mode 0
Event: 0.472 Thread 0x000001f7723ad440 DEOPT PACKING pc=0x000001f700015c51 sp=0x000000d3043fd110
Event: 0.472 Thread 0x000001f7723ad440 DEOPT UNPACKING pc=0x000001f707587143 sp=0x000000d3043fc588 mode 0

Classes unloaded (0 events):
No events

Classes redefined (0 events):
No events

Internal exceptions (0 events):
No events

VM Operations (6 events):
Event: 0.265 Executing VM operation: HandshakeAllThreads
Event: 0.265 Executing VM operation: HandshakeAllThreads done
Event: 0.494 Executing VM operation: HandshakeAllThreads
Event: 0.494 Executing VM operation: HandshakeAllThreads done
Event: 0.697 Executing VM operation: G1CollectForAllocation
Event: 0.701 Executing VM operation: G1CollectForAllocation done

Events (20 events):
Event: 0.621 loading class java/util/LinkedHashSet
Event: 0.621 loading class java/util/LinkedHashSet done
Event: 0.631 loading class java/util/EnumMap
Event: 0.632 loading class java/util/EnumMap done
Event: 0.632 loading class java/util/EnumMap$1
Event: 0.632 loading class java/util/EnumMap$1 done
Event: 0.633 loading class java/util/LinkedHashMap$LinkedKeySet
Event: 0.633 loading class java/util/LinkedHashMap$LinkedKeySet done
Event: 0.633 loading class java/util/LinkedHashMap$LinkedKeyIterator
Event: 0.633 loading class java/util/LinkedHashMap$LinkedHashIterator
Event: 0.633 loading class java/util/LinkedHashMap$LinkedHashIterator done
Event: 0.633 loading class java/util/LinkedHashMap$LinkedKeyIterator done
Event: 0.653 loading class java/util/concurrent/locks/ReentrantLock$NonfairSync
Event: 0.653 loading class java/util/concurrent/locks/ReentrantLock$Sync
Event: 0.653 loading class java/util/concurrent/locks/AbstractQueuedSynchronizer
Event: 0.654 loading class java/util/concurrent/locks/AbstractQueuedSynchronizer done
Event: 0.654 loading class java/util/concurrent/locks/ReentrantLock$Sync done
Event: 0.654 loading class java/util/concurrent/locks/ReentrantLock$NonfairSync done
Event: 0.686 loading class java/util/Collections$SingletonSet
Event: 0.686 loading class java/util/Collections$SingletonSet done


Dynamic libraries:
0x00007ff7a6db0000 - 0x00007ff7a6dba000 	E:\android\jbr\bin\java.exe
0x00007ffb28110000 - 0x00007ffb28308000 	C:\WINDOWS\SYSTEM32\ntdll.dll
0x00007ffb28010000 - 0x00007ffb280cf000 	C:\WINDOWS\System32\KERNEL32.DLL
0x00007ffb259d0000 - 0x00007ffb25cc6000 	C:\WINDOWS\System32\KERNELBASE.dll
0x00007ffb26070000 - 0x00007ffb26170000 	C:\WINDOWS\System32\ucrtbase.dll
0x00007ffb1fef0000 - 0x00007ffb1ff0b000 	E:\android\jbr\bin\VCRUNTIME140.dll
0x00007ffb1fd10000 - 0x00007ffb1fd27000 	E:\android\jbr\bin\jli.dll
0x00007ffb27060000 - 0x00007ffb271fd000 	C:\WINDOWS\System32\USER32.dll
0x00007ffb25d80000 - 0x00007ffb25da2000 	C:\WINDOWS\System32\win32u.dll
0x00007ffb16180000 - 0x00007ffb1641a000 	C:\WINDOWS\WinSxS\amd64_microsoft.windows.common-controls_6595b64144ccf1df_6.0.19041.1110_none_60b5254171f9507e\COMCTL32.dll
0x00007ffb26b00000 - 0x00007ffb26b2c000 	C:\WINDOWS\System32\GDI32.dll
0x00007ffb25f50000 - 0x00007ffb26065000 	C:\WINDOWS\System32\gdi32full.dll
0x00007ffb27280000 - 0x00007ffb2731e000 	C:\WINDOWS\System32\msvcrt.dll
0x00007ffb25db0000 - 0x00007ffb25e4d000 	C:\WINDOWS\System32\msvcp_win.dll
0x00007ffb26170000 - 0x00007ffb261a0000 	C:\WINDOWS\System32\IMM32.DLL
0x00007ffb1fe60000 - 0x00007ffb1fe6c000 	E:\android\jbr\bin\vcruntime140_1.dll
0x00007ffaf94c0000 - 0x00007ffaf954d000 	E:\android\jbr\bin\msvcp140.dll
0x00007ffada710000 - 0x00007ffadb37d000 	E:\android\jbr\bin\server\jvm.dll
0x00007ffb26a50000 - 0x00007ffb26aff000 	C:\WINDOWS\System32\ADVAPI32.dll
0x00007ffb26510000 - 0x00007ffb265ac000 	C:\WINDOWS\System32\sechost.dll
0x00007ffb27a70000 - 0x00007ffb27b96000 	C:\WINDOWS\System32\RPCRT4.dll
0x00007ffafdac0000 - 0x00007ffafdac9000 	C:\WINDOWS\SYSTEM32\WSOCK32.dll
0x00007ffb262d0000 - 0x00007ffb2633b000 	C:\WINDOWS\System32\WS2_32.dll
0x00007ffb16cc0000 - 0x00007ffb16cca000 	C:\WINDOWS\SYSTEM32\VERSION.dll
0x00007ffb153e0000 - 0x00007ffb15407000 	C:\WINDOWS\SYSTEM32\WINMM.dll
0x00007ffb24090000 - 0x00007ffb240a2000 	C:\WINDOWS\SYSTEM32\kernel.appcore.dll
0x00007ffb20050000 - 0x00007ffb2005a000 	E:\android\jbr\bin\jimage.dll
0x00007ffb11d40000 - 0x00007ffb11f24000 	C:\WINDOWS\SYSTEM32\DBGHELP.DLL
0x00007ffb11bc0000 - 0x00007ffb11bf4000 	C:\WINDOWS\SYSTEM32\dbgcore.DLL
0x00007ffb25e50000 - 0x00007ffb25ed2000 	C:\WINDOWS\System32\bcryptPrimitives.dll
0x00007ffb1fe10000 - 0x00007ffb1fe35000 	E:\android\jbr\bin\java.dll
0x00007ffb1fd30000 - 0x00007ffb1fd48000 	E:\android\jbr\bin\zip.dll
0x00007ffb27320000 - 0x00007ffb27a64000 	C:\WINDOWS\System32\SHELL32.dll
0x00007ffb23260000 - 0x00007ffb239f3000 	C:\WINDOWS\SYSTEM32\windows.storage.dll
0x00007ffb26640000 - 0x00007ffb26994000 	C:\WINDOWS\System32\combase.dll
0x00007ffb25250000 - 0x00007ffb2527e000 	C:\WINDOWS\SYSTEM32\Wldp.dll
0x00007ffb26e70000 - 0x00007ffb26f1d000 	C:\WINDOWS\System32\SHCORE.dll
0x00007ffb265e0000 - 0x00007ffb26635000 	C:\WINDOWS\System32\shlwapi.dll
0x00007ffb25730000 - 0x00007ffb2574f000 	C:\WINDOWS\SYSTEM32\profapi.dll
0x00007ffb1ec50000 - 0x00007ffb1ec69000 	E:\android\jbr\bin\net.dll
0x00007ffb1d5c0000 - 0x00007ffb1d6ca000 	C:\WINDOWS\SYSTEM32\WINHTTP.dll
0x00007ffb24fb0000 - 0x00007ffb2501a000 	C:\WINDOWS\system32\mswsock.dll
0x00007ffb1ec30000 - 0x00007ffb1ec46000 	E:\android\jbr\bin\nio.dll

dbghelp: loaded successfully - version: 4.0.5 - missing functions: none
symbol engine: initialized successfully - sym options: 0x614 - pdb path: .;E:\android\jbr\bin;C:\WINDOWS\SYSTEM32;C:\WINDOWS\WinSxS\amd64_microsoft.windows.common-controls_6595b64144ccf1df_6.0.19041.1110_none_60b5254171f9507e;E:\android\jbr\bin\server

VM Arguments:
java_command: org.jetbrains.kotlin.cli.jvm.K2JVMCompiler @C:\Users\HP\AndroidStudioProjects\goodsoup\app\build\20230725_7157240669146701934.compiler.options
java_class_path (initial): C:\Users\HP\.gradle\caches\modules-2\files-2.1\org.jetbrains.kotlin\kotlin-compiler-embeddable\1.8.20\78d9baa57f65babf9e0a93e51f62f26f5f35ac3e\kotlin-compiler-embeddable-1.8.20.jar;C:\Users\HP\.gradle\caches\modules-2\files-2.1\org.jetbrains.kotlin\kotlin-stdlib\1.8.20\e72fc5e03ec6c064c678a6bd0d955c88d55b0c4a\kotlin-stdlib-1.8.20.jar;C:\Users\HP\.gradle\caches\modules-2\files-2.1\org.jetbrains.kotlin\kotlin-script-runtime\1.8.20\c850771e723701f9d63dbcf641429c0f29290074\kotlin-script-runtime-1.8.20.jar;C:\Users\HP\.gradle\caches\modules-2\files-2.1\org.jetbrains.kotlin\kotlin-reflect\1.6.10\1cbe9c92c12a94eea200d23c2bbaedaf3daf5132\kotlin-reflect-1.6.10.jar;C:\Users\HP\.gradle\caches\modules-2\files-2.1\org.jetbrains.kotlin\kotlin-daemon-embeddable\1.8.20\c1b808fbe5fee60bd0504a54778120ef40f383d4\kotlin-daemon-embeddable-1.8.20.jar;C:\Users\HP\.gradle\caches\modules-2\files-2.1\org.jetbrains.intellij.deps\trove4j\1.0.20200330\3afb14d5f9ceb459d724e907a21145e8ff394f02\trove4j-1.0.20200330.jar;C:\Users\HP\.gradle\caches\modules-2\files-2.1\net.java.dev.jna\jna\5.6.0\330f2244e9030119ab3030fc3fededc86713d9cc\jna-5.6.0.jar;C:\Users\HP\.gradle\caches\modules-2\files-2.1\org.jetbrains.kotlin\kotlin-stdlib-common\1.8.20\5eddaaf234c8c49d03eebeb6a14feb7f90faca71\kotlin-stdlib-common-1.8.20.jar;C:\Users\HP\.gradle\caches\modules-2\files-2.1\org.jetbrains\annotations\13.0\919f0dfe192fb4e063e7dacadee7f8bb9a2672a9\annotations-13.0.jar
Launcher Type: SUN_STANDARD

[Global flags]
     intx CICompilerCount                          = 3                                         {product} {ergonomic}
     uint ConcGCThreads                            = 1                                         {product} {ergonomic}
     uint G1ConcRefinementThreads                  = 4                                         {product} {ergonomic}
   size_t G1HeapRegionSize                         = 2097152                                   {product} {ergonomic}
    uintx GCDrainStackTargetSize                   = 64                                        {product} {ergonomic}
   size_t InitialHeapSize                          = 268435456                                 {product} {ergonomic}
   size_t MarkStackSize                            = 4194304                                   {product} {ergonomic}
   size_t MaxHeapSize                              = 4263510016                                {product} {ergonomic}
   size_t MaxNewSize                               = 2556428288                                {product} {ergonomic}
   size_t MinHeapDeltaBytes                        = 2097152                                   {product} {ergonomic}
   size_t MinHeapSize                              = 8388608                                   {product} {ergonomic}
    uintx NonNMethodCodeHeapSize                   = 5832780                                {pd product} {ergonomic}
    uintx NonProfiledCodeHeapSize                  = 122912730                              {pd product} {ergonomic}
    uintx ProfiledCodeHeapSize                     = 122912730                              {pd product} {ergonomic}
    uintx ReservedCodeCacheSize                    = 251658240                              {pd product} {ergonomic}
     bool SegmentedCodeCache                       = true                                      {product} {ergonomic}
   size_t SoftMaxHeapSize                          = 4263510016                             {manageable} {ergonomic}
     bool UseCompressedClassPointers               = true                           {product lp64_product} {ergonomic}
     bool UseCompressedOops                        = true                           {product lp64_product} {ergonomic}
     bool UseG1GC                                  = true                                      {product} {ergonomic}
     bool UseLargePagesIndividualAllocation        = false                                  {pd product} {ergonomic}

Logging:
Log output configuration:
 #0: stdout all=warning uptime,level,tags
 #1: stderr all=off uptime,level,tags

Environment Variables:
JAVA_HOME=C:\Program Files\Java\jdk-17.0.2
PATH=C:\Program Files (x86)\VMware\VMware Workstation\bin\;C:\Program Files\Common Files\Oracle\Java\javapath;C:\WINDOWS\system32;C:\WINDOWS;C:\WINDOWS\System32\Wbem;C:\WINDOWS\System32\WindowsPowerShell\v1.0\;C:\WINDOWS\System32\OpenSSH\;C:\Program Files\Java\jdk-17.0.2\bin;C:\Program Files\dotnet\;C:\Program Files\Microsoft SQL Server\Client SDK\ODBC\170\Tools\Binn\;C:\Program Files (x86)\Microsoft SQL Server\150\Tools\Binn\;C:\Program Files\Microsoft SQL Server\150\Tools\Binn\;C:\Program Files\Microsoft SQL Server\150\DTS\Binn\;C:\Program Files (x86)\Microsoft SQL Server\150\DTS\Binn\;C:\Program Files (x86)\dotnet\;E:\Git\cmd;C:\Program Files\Graphviz\bin;C:\Program Files\MySQL\MySQL Shell 8.0\bin\;C:\Users\HP\AppData\Local\Programs\Python\Python39\Scripts\;C:\Users\HP\AppData\Local\Programs\Python\Python39\;C:\Users\HP\AppData\Local\Microsoft\WindowsApps;C:\Program Files\JetBrains\PyCharm Community Edition 2021.2\bin;;C:\Program Files\JetBrains\IntelliJ IDEA Community Edition 2021.3.2\bin;;C:\Users\HP\.dotnet\tools;C:\Program Files\Azure Data Studio\bin;C:\Users\HP\AppData\Local\GitHubDesktop\bin;E:\IntelliJ IDEA 2022.2.3\bin;;E:\PyCharm 2023.1.2\bin;
USERNAME=HP
OS=Windows_NT
PROCESSOR_IDENTIFIER=Intel64 Family 6 Model 61 Stepping 4, GenuineIntel
TMP=C:\Users\HP\AppData\Local\Temp
TEMP=C:\Users\HP\AppData\Local\Temp



---------------  S Y S T E M  ---------------

OS:
 Windows 10 , 64 bit Build 19041 (10.0.19041.2913)
OS uptime: 55 days 3:13 hours

CPU: total 4 (initial active 4) (2 cores per cpu, 2 threads per core) family 6 model 61 stepping 4 microcode 0x2d, cx8, cmov, fxsr, ht, mmx, 3dnowpref, sse, sse2, sse3, ssse3, sse4.1, sse4.2, popcnt, lzcnt, tsc, tscinvbit, avx, avx2, aes, erms, clmul, bmi1, bmi2, rtm, adx, fma, vzeroupper, clflush

Memory: 4k page, system-wide physical 16259M (3437M free)
TotalPageFile size 33568M (AvailPageFile size 16M)
current process WorkingSet (physical memory assigned to process): 59M, peak: 59M
current process commit charge ("private bytes"): 338M, peak: 338M

vm_info: OpenJDK 64-Bit Server VM (17.0.6+0-b2043.56-9586694) for windows-amd64 JRE (17.0.6+0-b2043.56-9586694), built on Feb  9 2023 20:06:20 by "androidbuild" with MS VC++ 16.10 / 16.11 (VS2019)

END.
